Output file: training_152256_3.out
Error file: training_152256_3.err
Starting PercepNet training at Tue Oct 14 11:17:29 CEST 2025
Job ID: 152256
Node: ailab-l4-10
Working directory: /ceph/home/student.aau.dk/ar01mf/PercepNet
Checking GPU availability:
Tue Oct 14 11:17:30 2025       
+-----------------------------------------------------------------------------------------+
| NVIDIA-SMI 580.82.07              Driver Version: 580.82.07      CUDA Version: 13.0     |
+-----------------------------------------+------------------------+----------------------+
| GPU  Name                 Persistence-M | Bus-Id          Disp.A | Volatile Uncorr. ECC |
| Fan  Temp   Perf          Pwr:Usage/Cap |           Memory-Usage | GPU-Util  Compute M. |
|                                         |                        |               MIG M. |
|=========================================+========================+======================|
|   0  NVIDIA L4                      On  |   00000000:01:00.0 Off |                    0 |
| N/A   78C    P0             73W /   72W |   12008MiB /  23034MiB |     82%      Default |
|                                         |                        |                  N/A |
+-----------------------------------------+------------------------+----------------------+
|   1  NVIDIA L4                      On  |   00000000:02:00.0 Off |                    0 |
| N/A   76C    P0             68W /   72W |   10602MiB /  23034MiB |     91%      Default |
|                                         |                        |                  N/A |
+-----------------------------------------+------------------------+----------------------+
|   2  NVIDIA L4                      On  |   00000000:41:00.0 Off |                    0 |
| N/A   72C    P0             69W /   72W |   10604MiB /  23034MiB |     72%      Default |
|                                         |                        |                  N/A |
+-----------------------------------------+------------------------+----------------------+
|   3  NVIDIA L4                      On  |   00000000:61:00.0 Off |                    0 |
| N/A   73C    P0             69W /   72W |   10582MiB /  23034MiB |     77%      Default |
|                                         |                        |                  N/A |
+-----------------------------------------+------------------------+----------------------+
|   4  NVIDIA L4                      On  |   00000000:81:00.0 Off |                    0 |
| N/A   39C    P8             16W /   72W |       0MiB /  23034MiB |      0%      Default |
|                                         |                        |                  N/A |
+-----------------------------------------+------------------------+----------------------+
|   5  NVIDIA L4                      On  |   00000000:82:00.0 Off |                    0 |
| N/A   44C    P8             16W /   72W |       0MiB /  23034MiB |      0%      Default |
|                                         |                        |                  N/A |
+-----------------------------------------+------------------------+----------------------+
|   6  NVIDIA L4                      On  |   00000000:A1:00.0 Off |                    0 |
| N/A   62C    P0             66W /   72W |   21578MiB /  23034MiB |    100%      Default |
|                                         |                        |                  N/A |
+-----------------------------------------+------------------------+----------------------+
|   7  NVIDIA L4                      On  |   00000000:C1:00.0 Off |                    0 |
| N/A   39C    P8             16W /   72W |       0MiB /  23034MiB |      0%      Default |
|                                         |                        |                  N/A |
+-----------------------------------------+------------------------+----------------------+

+-----------------------------------------------------------------------------------------+
| Processes:                                                                              |
|  GPU   GI   CI              PID   Type   Process name                        GPU Memory |
|        ID   ID                                                               Usage      |
|=========================================================================================|
|    0   N/A  N/A         3724162      C   python3                               11986MiB |
|    1   N/A  N/A         3724162      C   python3                               10582MiB |
|    2   N/A  N/A         3724162      C   python3                               10582MiB |
|    3   N/A  N/A         3724162      C   python3                               10562MiB |
|    6   N/A  N/A         3997676      C   /workspace/venv/bin/python            21570MiB |
+-----------------------------------------------------------------------------------------+
CUDA available: True
CUDA device count: 1
Current CUDA device: 0
CUDA device name: NVIDIA L4
Running PercepNet training using run.sh (Stage 4)
Training completed at Tue Oct 14 11:27:45 CEST 2025
Exit code: 0
